#
# There is insufficient memory for the Java Runtime Environment to continue.
# Native memory allocation (malloc) failed to allocate 724096 bytes for Chunk::new
# Possible reasons:
#   The system is out of physical RAM or swap space
#   The process is running with CompressedOops enabled, and the Java Heap may be blocking the growth of the native heap
# Possible solutions:
#   Reduce memory load on the system
#   Increase physical memory or swap space
#   Check if swap backing store is full
#   Decrease Java heap size (-Xmx/-Xms)
#   Decrease number of Java threads
#   Decrease Java thread stack sizes (-Xss)
#   Set larger code cache with -XX:ReservedCodeCacheSize=
#   JVM is running with Zero Based Compressed Oops mode in which the Java heap is
#     placed in the first 32GB address space. The Java Heap base address is the
#     maximum limit for the native heap growth. Please use -XX:HeapBaseMinAddress
#     to set the Java Heap base and to place the Java Heap above 32GB virtual address.
# This output file may be truncated or incomplete.
#
#  Out of Memory Error (allocation.cpp:389), pid=2756, tid=0x00000000000062f8
#
# JRE version: OpenJDK Runtime Environment (8.0_412-b08) (build 1.8.0_412-b08)
# Java VM: OpenJDK 64-Bit Server VM (25.412-b08 mixed mode windows-amd64 compressed oops)
# Failed to write core dump. Minidumps are not enabled by default on client versions of Windows
#

---------------  T H R E A D  ---------------

Current thread (0x000002416e7b7800):  JavaThread "C2 CompilerThread0" daemon [_thread_in_native, id=25336, stack(0x00000078cbb00000,0x00000078cbc00000)]

Stack: [0x00000078cbb00000,0x00000078cbc00000]
[error occurred during error reporting (printing stack bounds), id 0xc0000005]

Native frames: (J=compiled Java code, j=interpreted, Vv=VM code, C=native code)


Current CompileTask:
C2:  11341 4268       4       org.springframework.beans.factory.support.AbstractBeanFactory::isTypeMatch (607 bytes)


---------------  P R O C E S S  ---------------

Java Threads: ( => current thread )
  0x0000024173c42800 JavaThread "mysql-cj-abandoned-connection-cleanup" daemon [_thread_blocked, id=33372, stack(0x00000078cc900000,0x00000078cca00000)]
  0x000002416e8cf000 JavaThread "Service Thread" daemon [_thread_blocked, id=2980, stack(0x00000078cc700000,0x00000078cc800000)]
  0x000002416e7ce800 JavaThread "C1 CompilerThread11" daemon [_thread_blocked, id=20704, stack(0x00000078cc600000,0x00000078cc700000)]
  0x000002416e7ce000 JavaThread "C1 CompilerThread10" daemon [_thread_blocked, id=28180, stack(0x00000078cc500000,0x00000078cc600000)]
  0x000002416e7cd000 JavaThread "C1 CompilerThread9" daemon [_thread_blocked, id=33228, stack(0x00000078cc400000,0x00000078cc500000)]
  0x000002416e7ca800 JavaThread "C1 CompilerThread8" daemon [_thread_blocked, id=11308, stack(0x00000078cc300000,0x00000078cc400000)]
  0x000002416e7c7800 JavaThread "C2 CompilerThread7" daemon [_thread_in_native, id=30636, stack(0x00000078cc200000,0x00000078cc300000)]
  0x000002416e7c7000 JavaThread "C2 CompilerThread6" daemon [_thread_in_native, id=8612, stack(0x00000078cc100000,0x00000078cc200000)]
  0x000002416e7c2000 JavaThread "C2 CompilerThread5" daemon [_thread_blocked, id=24760, stack(0x00000078cc000000,0x00000078cc100000)]
  0x000002416e7c1000 JavaThread "C2 CompilerThread4" daemon [_thread_in_native, id=16204, stack(0x00000078cbf00000,0x00000078cc000000)]
  0x000002416e7c0800 JavaThread "C2 CompilerThread3" daemon [_thread_in_native, id=29892, stack(0x00000078cbe00000,0x00000078cbf00000)]
  0x000002416e7bb000 JavaThread "C2 CompilerThread2" daemon [_thread_in_native, id=19152, stack(0x00000078cbd00000,0x00000078cbe00000)]
  0x000002416e7b8000 JavaThread "C2 CompilerThread1" daemon [_thread_blocked, id=29668, stack(0x00000078cbc00000,0x00000078cbd00000)]
=>0x000002416e7b7800 JavaThread "C2 CompilerThread0" daemon [_thread_in_native, id=25336, stack(0x00000078cbb00000,0x00000078cbc00000)]
  0x000002416e7a6800 JavaThread "Monitor Ctrl-Break" daemon [_thread_in_native, id=25768, stack(0x00000078cba00000,0x00000078cbb00000)]
  0x000002416e769800 JavaThread "Attach Listener" daemon [_thread_blocked, id=5404, stack(0x00000078cb900000,0x00000078cba00000)]
  0x000002416e767000 JavaThread "Signal Dispatcher" daemon [_thread_blocked, id=4668, stack(0x00000078cb800000,0x00000078cb900000)]
  0x0000024151b31000 JavaThread "Finalizer" daemon [_thread_blocked, id=19620, stack(0x00000078cb700000,0x00000078cb800000)]
  0x000002416c9d7000 JavaThread "Reference Handler" daemon [_thread_blocked, id=31476, stack(0x00000078cb600000,0x00000078cb700000)]
  0x0000024151aa8000 JavaThread "main" [_thread_in_Java, id=30520, stack(0x00000078ca700000,0x00000078ca800000)]

Other Threads:
  0x000002416c9d2800 VMThread [stack: 0x00000078cb500000,0x00000078cb600000] [id=4876]
  0x000002416e8d5800 WatcherThread [stack: 0x00000078cc800000,0x00000078cc900000] [id=23956]

VM state:not at safepoint (normal execution)

VM Mutex/Monitor currently owned by a thread: None

heap address: 0x00000006c2000000, size: 4064 MB, Compressed Oops mode: Zero based, Oop shift amount: 3
Narrow klass base: 0x0000000000000000, Narrow klass shift: 3
Compressed class space size: 1073741824 Address: 0x00000007c0000000

Heap:
 PSYoungGen      total 182784K, used 150999K [0x000000076b580000, 0x0000000778980000, 0x00000007c0000000)
  eden space 170496K, 88% used [0x000000076b580000,0x00000007748f5c50,0x0000000775c00000)
  from space 12288K, 0% used [0x0000000776880000,0x0000000776880000,0x0000000777480000)
  to   space 12800K, 0% used [0x0000000775c00000,0x0000000775c00000,0x0000000776880000)
 ParOldGen       total 132608K, used 13776K [0x00000006c2000000, 0x00000006ca180000, 0x000000076b580000)
  object space 132608K, 10% used [0x00000006c2000000,0x00000006c2d742f8,0x00000006ca180000)
 Metaspace       used 37139K, capacity 39909K, committed 40064K, reserved 1083392K
  class space    used 4934K, capacity 5439K, committed 5504K, reserved 1048576K

Card table byte_map: [0x0000024162870000,0x0000024163070000] byte_map_base: 0x000002415f260000

Marking Bits: (ParMarkBitMap*) 0x0000000073a23810
 Begin Bits: [0x00000241635c0000, 0x0000024167540000)
 End Bits:   [0x0000024167540000, 0x000002416b4c0000)

Polling page: 0x0000024151cd0000

CodeCache: size=245760Kb used=17801Kb max_used=17812Kb free=227958Kb
 bounds [0x00000241534b0000, 0x0000024154620000, 0x00000241624b0000]
 total_blobs=4678 nmethods=4253 adapters=335
 compilation: enabled

Compilation events (10 events):
Event: 11.288 Thread 0x000002416e7cd000 4273       3       java.util.HashSet::clear (8 bytes)
Event: 11.288 Thread 0x000002416e7cd000 nmethod 4273 0x000002415461a810 code [0x000002415461a980, 0x000002415461abb0]
Event: 11.288 Thread 0x000002416e7ce000 4274       3       java.lang.ThreadLocal::remove (18 bytes)
Event: 11.289 Thread 0x000002416e7ce000 nmethod 4274 0x000002415461a250 code [0x000002415461a3e0, 0x000002415461a6e0]
Event: 11.290 Thread 0x000002416e7b8000 4276       4       java.lang.invoke.MethodTypeForm::canonicalize (233 bytes)
Event: 11.290 Thread 0x000002416e7ca800 4277       3       sun.invoke.util.Wrapper::isDoubleWord (15 bytes)
Event: 11.290 Thread 0x000002416e7ca800 nmethod 4277 0x0000024154619ed0 code [0x000002415461a020, 0x000002415461a1d8]
Event: 11.292 Thread 0x000002416e7b8000 nmethod 4276 0x0000024154619ad0 code [0x0000024154619c40, 0x0000024154619dd8]
Event: 11.294 Thread 0x000002416e7c2000 4281   !   4       java.util.AbstractList$Itr::next (45 bytes)
Event: 11.295 Thread 0x000002416e7c2000 nmethod 4281 0x0000024154619590 code [0x0000024154619700, 0x00000241546198b8]

GC Heap History (10 events):
Event: 1.576 GC heap before
{Heap before GC invocations=4 (full 1):
 PSYoungGen      total 75776K, used 6345K [0x000000076b580000, 0x0000000774980000, 0x00000007c0000000)
  eden space 65024K, 0% used [0x000000076b580000,0x000000076b580000,0x000000076f500000)
  from space 10752K, 59% used [0x000000076f500000,0x000000076fb32468,0x000000076ff80000)
  to   space 10752K, 0% used [0x0000000773f00000,0x0000000773f00000,0x0000000774980000)
 ParOldGen       total 173568K, used 32K [0x00000006c2000000, 0x00000006cc980000, 0x000000076b580000)
  object space 173568K, 0% used [0x00000006c2000000,0x00000006c2008000,0x00000006cc980000)
 Metaspace       used 19891K, capacity 21192K, committed 21248K, reserved 1067008K
  class space    used 2523K, capacity 2776K, committed 2816K, reserved 1048576K
Event: 1.592 GC heap after
Heap after GC invocations=4 (full 1):
 PSYoungGen      total 75776K, used 0K [0x000000076b580000, 0x0000000774980000, 0x00000007c0000000)
  eden space 65024K, 0% used [0x000000076b580000,0x000000076b580000,0x000000076f500000)
  from space 10752K, 0% used [0x000000076f500000,0x000000076f500000,0x000000076ff80000)
  to   space 10752K, 0% used [0x0000000773f00000,0x0000000773f00000,0x0000000774980000)
 ParOldGen       total 91648K, used 6014K [0x00000006c2000000, 0x00000006c7980000, 0x000000076b580000)
  object space 91648K, 6% used [0x00000006c2000000,0x00000006c25df928,0x00000006c7980000)
 Metaspace       used 19891K, capacity 21192K, committed 21248K, reserved 1067008K
  class space    used 2523K, capacity 2776K, committed 2816K, reserved 1048576K
}
Event: 1.909 GC heap before
{Heap before GC invocations=5 (full 1):
 PSYoungGen      total 75776K, used 65024K [0x000000076b580000, 0x0000000774980000, 0x00000007c0000000)
  eden space 65024K, 100% used [0x000000076b580000,0x000000076f500000,0x000000076f500000)
  from space 10752K, 0% used [0x000000076f500000,0x000000076f500000,0x000000076ff80000)
  to   space 10752K, 0% used [0x0000000773f00000,0x0000000773f00000,0x0000000774980000)
 ParOldGen       total 91648K, used 6014K [0x00000006c2000000, 0x00000006c7980000, 0x000000076b580000)
  object space 91648K, 6% used [0x00000006c2000000,0x00000006c25df928,0x00000006c7980000)
 Metaspace       used 22685K, capacity 24166K, committed 24320K, reserved 1071104K
  class space    used 2918K, capacity 3205K, committed 3328K, reserved 1048576K
Event: 1.912 GC heap after
Heap after GC invocations=5 (full 1):
 PSYoungGen      total 113152K, used 5216K [0x000000076b580000, 0x0000000774480000, 0x00000007c0000000)
  eden space 107520K, 0% used [0x000000076b580000,0x000000076b580000,0x0000000771e80000)
  from space 5632K, 92% used [0x0000000773f00000,0x00000007744183b0,0x0000000774480000)
  to   space 10752K, 0% used [0x0000000772f80000,0x0000000772f80000,0x0000000773a00000)
 ParOldGen       total 91648K, used 6022K [0x00000006c2000000, 0x00000006c7980000, 0x000000076b580000)
  object space 91648K, 6% used [0x00000006c2000000,0x00000006c25e1928,0x00000006c7980000)
 Metaspace       used 22685K, capacity 24166K, committed 24320K, reserved 1071104K
  class space    used 2918K, capacity 3205K, committed 3328K, reserved 1048576K
}
Event: 7.330 GC heap before
{Heap before GC invocations=6 (full 1):
 PSYoungGen      total 113152K, used 112736K [0x000000076b580000, 0x0000000774480000, 0x00000007c0000000)
  eden space 107520K, 100% used [0x000000076b580000,0x0000000771e80000,0x0000000771e80000)
  from space 5632K, 92% used [0x0000000773f00000,0x00000007744183b0,0x0000000774480000)
  to   space 10752K, 0% used [0x0000000772f80000,0x0000000772f80000,0x0000000773a00000)
 ParOldGen       total 91648K, used 6022K [0x00000006c2000000, 0x00000006c7980000, 0x000000076b580000)
  object space 91648K, 6% used [0x00000006c2000000,0x00000006c25e1928,0x00000006c7980000)
 Metaspace       used 30859K, capacity 32882K, committed 33152K, reserved 1077248K
  class space    used 4014K, capacity 4387K, committed 4480K, reserved 1048576K
Event: 7.337 GC heap after
Heap after GC invocations=6 (full 1):
 PSYoungGen      total 135680K, used 10360K [0x000000076b580000, 0x0000000777480000, 0x00000007c0000000)
  eden space 124928K, 0% used [0x000000076b580000,0x000000076b580000,0x0000000772f80000)
  from space 10752K, 96% used [0x0000000772f80000,0x000000077399e100,0x0000000773a00000)
  to   space 12288K, 0% used [0x0000000776880000,0x0000000776880000,0x0000000777480000)
 ParOldGen       total 91648K, used 6094K [0x00000006c2000000, 0x00000006c7980000, 0x000000076b580000)
  object space 91648K, 6% used [0x00000006c2000000,0x00000006c25f3938,0x00000006c7980000)
 Metaspace       used 30859K, capacity 32882K, committed 33152K, reserved 1077248K
  class space    used 4014K, capacity 4387K, committed 4480K, reserved 1048576K
}
Event: 10.222 GC heap before
{Heap before GC invocations=7 (full 1):
 PSYoungGen      total 135680K, used 85146K [0x000000076b580000, 0x0000000777480000, 0x00000007c0000000)
  eden space 124928K, 59% used [0x000000076b580000,0x000000076fe887c0,0x0000000772f80000)
  from space 10752K, 96% used [0x0000000772f80000,0x000000077399e100,0x0000000773a00000)
  to   space 12288K, 0% used [0x0000000776880000,0x0000000776880000,0x0000000777480000)
 ParOldGen       total 91648K, used 6094K [0x00000006c2000000, 0x00000006c7980000, 0x000000076b580000)
  object space 91648K, 6% used [0x00000006c2000000,0x00000006c25f3938,0x00000006c7980000)
 Metaspace       used 33277K, capacity 35413K, committed 35416K, reserved 1079296K
  class space    used 4350K, capacity 4733K, committed 4736K, reserved 1048576K
Event: 10.228 GC heap after
Heap after GC invocations=7 (full 1):
 PSYoungGen      total 182784K, used 9462K [0x000000076b580000, 0x0000000778980000, 0x00000007c0000000)
  eden space 170496K, 0% used [0x000000076b580000,0x000000076b580000,0x0000000775c00000)
  from space 12288K, 77% used [0x0000000776880000,0x00000007771bdad0,0x0000000777480000)
  to   space 12800K, 0% used [0x0000000775c00000,0x0000000775c00000,0x0000000776880000)
 ParOldGen       total 91648K, used 6102K [0x00000006c2000000, 0x00000006c7980000, 0x000000076b580000)
  object space 91648K, 6% used [0x00000006c2000000,0x00000006c25f5938,0x00000006c7980000)
 Metaspace       used 33277K, capacity 35413K, committed 35416K, reserved 1079296K
  class space    used 4350K, capacity 4733K, committed 4736K, reserved 1048576K
}
Event: 10.228 GC heap before
{Heap before GC invocations=8 (full 2):
 PSYoungGen      total 182784K, used 9462K [0x000000076b580000, 0x0000000778980000, 0x00000007c0000000)
  eden space 170496K, 0% used [0x000000076b580000,0x000000076b580000,0x0000000775c00000)
  from space 12288K, 77% used [0x0000000776880000,0x00000007771bdad0,0x0000000777480000)
  to   space 12800K, 0% used [0x0000000775c00000,0x0000000775c00000,0x0000000776880000)
 ParOldGen       total 91648K, used 6102K [0x00000006c2000000, 0x00000006c7980000, 0x000000076b580000)
  object space 91648K, 6% used [0x00000006c2000000,0x00000006c25f5938,0x00000006c7980000)
 Metaspace       used 33277K, capacity 35413K, committed 35416K, reserved 1079296K
  class space    used 4350K, capacity 4733K, committed 4736K, reserved 1048576K
Event: 10.261 GC heap after
Heap after GC invocations=8 (full 2):
 PSYoungGen      total 182784K, used 0K [0x000000076b580000, 0x0000000778980000, 0x00000007c0000000)
  eden space 170496K, 0% used [0x000000076b580000,0x000000076b580000,0x0000000775c00000)
  from space 12288K, 0% used [0x0000000776880000,0x0000000776880000,0x0000000777480000)
  to   space 12800K, 0% used [0x0000000775c00000,0x0000000775c00000,0x0000000776880000)
 ParOldGen       total 132608K, used 13776K [0x00000006c2000000, 0x00000006ca180000, 0x000000076b580000)
  object space 132608K, 10% used [0x00000006c2000000,0x00000006c2d742f8,0x00000006ca180000)
 Metaspace       used 33277K, capacity 35413K, committed 35416K, reserved 1079296K
  class space    used 4350K, capacity 4733K, committed 4736K, reserved 1048576K
}

Deoptimization events (10 events):
Event: 10.971 Thread 0x0000024151aa8000 Uncommon trap: reason=unstable_if action=reinterpret pc=0x0000024153b8cfb4 method=java.util.concurrent.ConcurrentHashMap.transfer([Ljava/util/concurrent/ConcurrentHashMap$Node;[Ljava/util/concurrent/ConcurrentHashMap$Node;)V @ 356
Event: 11.016 Thread 0x0000024151aa8000 Uncommon trap: reason=null_check action=make_not_entrant pc=0x0000024153ee1eb4 method=org.springframework.util.ClassUtils.isAssignable(Ljava/lang/Class;Ljava/lang/Class;)Z @ 14
Event: 11.016 Thread 0x0000024151aa8000 Uncommon trap: reason=unstable_if action=reinterpret pc=0x0000024154139170 method=org.springframework.boot.context.properties.source.ConfigurationPropertyName$ElementsParser.add(IILorg/springframework/boot/context/properties/source/ConfigurationPropertyNa
Event: 11.140 Thread 0x0000024151aa8000 Uncommon trap: reason=class_check action=maybe_recompile pc=0x0000024154584998 method=java.lang.reflect.Array.newInstance(Ljava/lang/Class;I)Ljava/lang/Object; @ 2
Event: 11.141 Thread 0x0000024151aa8000 Uncommon trap: reason=class_check action=maybe_recompile pc=0x0000024154584998 method=java.lang.reflect.Array.newInstance(Ljava/lang/Class;I)Ljava/lang/Object; @ 2
Event: 11.141 Thread 0x0000024151aa8000 Uncommon trap: reason=class_check action=maybe_recompile pc=0x0000024154584998 method=java.lang.reflect.Array.newInstance(Ljava/lang/Class;I)Ljava/lang/Object; @ 2
Event: 11.141 Thread 0x0000024151aa8000 Uncommon trap: reason=class_check action=maybe_recompile pc=0x0000024154584998 method=java.lang.reflect.Array.newInstance(Ljava/lang/Class;I)Ljava/lang/Object; @ 2
Event: 11.209 Thread 0x0000024151aa8000 Uncommon trap: reason=unstable_if action=reinterpret pc=0x0000024154564708 method=java.lang.Class.privateGetMethodRecursive(Ljava/lang/String;[Ljava/lang/Class;ZLjava/lang/Class$MethodArray;)Ljava/lang/reflect/Method; @ 28
Event: 11.280 Thread 0x0000024151aa8000 Uncommon trap: reason=unstable_if action=reinterpret pc=0x0000024153e19808 method=java.util.LinkedHashMap.get(Ljava/lang/Object;)Ljava/lang/Object; @ 20
Event: 11.314 Thread 0x0000024151aa8000 Uncommon trap: reason=predicate action=maybe_recompile pc=0x0000024153ac5530 method=java.lang.String.regionMatches(ZILjava/lang/String;II)Z @ 63

Classes redefined (0 events):
No events

Internal exceptions (10 events):
Event: 11.230 Thread 0x0000024151aa8000 Exception <a 'java/lang/ClassNotFoundException': org/springframework/web/context/ServletContextAwareCustomizer> (0x0000000773bb8970) thrown at [C:\wsjdk\Corretto8Src\installers\windows\zip\corretto-build\buildRoot\hotspot\src\share\vm\classfile\systemDict
Event: 11.231 Thread 0x0000024151aa8000 Exception <a 'java/lang/ClassNotFoundException': org/springframework/beans/factory/AwareCustomizer> (0x0000000773bd4530) thrown at [C:\wsjdk\Corretto8Src\installers\windows\zip\corretto-build\buildRoot\hotspot\src\share\vm\classfile\systemDictionary.cpp, 
Event: 11.231 Thread 0x0000024151aa8000 Exception <a 'java/lang/ClassNotFoundException': org/springframework/beans/factory/InitializingBeanCustomizer> (0x0000000773bf3140) thrown at [C:\wsjdk\Corretto8Src\installers\windows\zip\corretto-build\buildRoot\hotspot\src\share\vm\classfile\systemDicti
Event: 11.232 Thread 0x0000024151aa8000 Exception <a 'java/lang/ClassNotFoundException': org/springframework/beans/factory/DisposableBeanCustomizer> (0x0000000773c11080) thrown at [C:\wsjdk\Corretto8Src\installers\windows\zip\corretto-build\buildRoot\hotspot\src\share\vm\classfile\systemDiction
Event: 11.235 Thread 0x0000024151aa8000 Exception <a 'java/lang/ClassNotFoundException': java/lang/ObjectCustomizer> (0x0000000773c4cc10) thrown at [C:\wsjdk\Corretto8Src\installers\windows\zip\corretto-build\buildRoot\hotspot\src\share\vm\classfile\systemDictionary.cpp, line 217]
Event: 11.236 Thread 0x0000024151aa8000 Exception <a 'java/lang/ClassNotFoundException': org/springframework/web/multipart/support/StandardServletMultipartResolverCustomizer> (0x0000000773c774e8) thrown at [C:\wsjdk\Corretto8Src\installers\windows\zip\corretto-build\buildRoot\hotspot\src\share\
Event: 11.236 Thread 0x0000024151aa8000 Exception <a 'java/lang/ClassNotFoundException': org/springframework/web/multipart/MultipartResolverCustomizer> (0x0000000773c9b718) thrown at [C:\wsjdk\Corretto8Src\installers\windows\zip\corretto-build\buildRoot\hotspot\src\share\vm\classfile\systemDict
Event: 11.281 Thread 0x0000024151aa8000 Exception <a 'java/lang/ClassNotFoundException': java/lang/ObjectCustomizer> (0x0000000773fdb8f8) thrown at [C:\wsjdk\Corretto8Src\installers\windows\zip\corretto-build\buildRoot\hotspot\src\share\vm\classfile\systemDictionary.cpp, line 217]
Event: 11.281 Thread 0x0000024151aa8000 Exception <a 'java/lang/ClassNotFoundException': com/kob/backend/BackendApplicationTestsCustomizer> (0x0000000773ff9240) thrown at [C:\wsjdk\Corretto8Src\installers\windows\zip\corretto-build\buildRoot\hotspot\src\share\vm\classfile\systemDictionary.cpp, 
Event: 11.325 Thread 0x0000024151aa8000 Exception <a 'java/lang/ClassNotFoundException': java/lang/Module> (0x0000000774529f88) thrown at [C:\wsjdk\Corretto8Src\installers\windows\zip\corretto-build\buildRoot\hotspot\src\share\vm\classfile\systemDictionary.cpp, line 217]

Events (10 events):
Event: 11.331 loading class net/bytebuddy/dynamic/scaffold/InstrumentedType$Prepareable
Event: 11.331 loading class net/bytebuddy/dynamic/scaffold/InstrumentedType$Prepareable done
Event: 11.331 loading class net/bytebuddy/matcher/ElementMatcher
Event: 11.331 loading class net/bytebuddy/matcher/ElementMatcher done
Event: 11.331 loading class net/bytebuddy/implementation/attribute/MethodAttributeAppender$Factory
Event: 11.331 loading class net/bytebuddy/implementation/attribute/MethodAttributeAppender$Factory done
Event: 11.332 loading class net/bytebuddy/dynamic/DynamicType$Builder
Event: 11.332 loading class net/bytebuddy/dynamic/DynamicType$Builder done
Event: 11.332 loading class net/bytebuddy/matcher/ElementMatchers
Event: 11.332 loading class net/bytebuddy/matcher/ElementMatchers done


Dynamic libraries:
0x00007ff65e860000 - 0x00007ff65e8a6000 	F:\java\JDK\openjdk-22.0.1\bin\java.exe
0x00007ffb7f390000 - 0x00007ffb7f5a6000 	C:\WINDOWS\SYSTEM32\ntdll.dll
0x00007ffb7dcb0000 - 0x00007ffb7dd74000 	C:\WINDOWS\System32\KERNEL32.DLL
0x00007ffb7cc90000 - 0x00007ffb7d037000 	C:\WINDOWS\System32\KERNELBASE.dll
0x00007ffb7d300000 - 0x00007ffb7d3b2000 	C:\WINDOWS\System32\ADVAPI32.dll
0x00007ffb7d0c0000 - 0x00007ffb7d167000 	C:\WINDOWS\System32\msvcrt.dll
0x00007ffb7f050000 - 0x00007ffb7f0f8000 	C:\WINDOWS\System32\sechost.dll
0x00007ffb7c6b0000 - 0x00007ffb7c6d8000 	C:\WINDOWS\System32\bcrypt.dll
0x00007ffb7ef30000 - 0x00007ffb7f045000 	C:\WINDOWS\System32\RPCRT4.dll
0x00007ffb7f1a0000 - 0x00007ffb7f34e000 	C:\WINDOWS\System32\USER32.dll
0x00007ffb7c980000 - 0x00007ffb7c9a6000 	C:\WINDOWS\System32\win32u.dll
0x00007ffb7d2d0000 - 0x00007ffb7d2f9000 	C:\WINDOWS\System32\GDI32.dll
0x00007ffb7cb70000 - 0x00007ffb7cc89000 	C:\WINDOWS\System32\gdi32full.dll
0x00007ffb7cad0000 - 0x00007ffb7cb6a000 	C:\WINDOWS\System32\msvcp_win.dll
0x00007ffb7c9b0000 - 0x00007ffb7cac1000 	C:\WINDOWS\System32\ucrtbase.dll
0x00007ffb630f0000 - 0x00007ffb63383000 	C:\WINDOWS\WinSxS\amd64_microsoft.windows.common-controls_6595b64144ccf1df_6.0.22621.3235_none_270f74e173860f98\COMCTL32.dll
0x00007ffb7f160000 - 0x00007ffb7f191000 	C:\WINDOWS\System32\IMM32.DLL
0x00007ffb5fa40000 - 0x00007ffb5fa55000 	F:\java\JDK\openjdk-22.0.1\jre\bin\vcruntime140.dll
0x00007ffb15f80000 - 0x00007ffb1601b000 	F:\java\JDK\openjdk-22.0.1\jre\bin\msvcp140.dll
0x0000000073240000 - 0x0000000073a9c000 	F:\java\JDK\openjdk-22.0.1\jre\bin\server\jvm.dll
0x00007ffb7dca0000 - 0x00007ffb7dca8000 	C:\WINDOWS\System32\PSAPI.DLL
0x00007ffb73c30000 - 0x00007ffb73c64000 	C:\WINDOWS\SYSTEM32\WINMM.dll
0x00007ffb5c830000 - 0x00007ffb5c839000 	C:\WINDOWS\SYSTEM32\WSOCK32.dll
0x00007ffb76d10000 - 0x00007ffb76d1a000 	C:\WINDOWS\SYSTEM32\VERSION.dll
0x00007ffb7e6a0000 - 0x00007ffb7e711000 	C:\WINDOWS\System32\WS2_32.dll
0x00007ffb7b7a0000 - 0x00007ffb7b7b8000 	C:\WINDOWS\SYSTEM32\kernel.appcore.dll
0x00007ffb5c400000 - 0x00007ffb5c410000 	F:\java\JDK\openjdk-22.0.1\jre\bin\verify.dll
0x00007ffb3c110000 - 0x00007ffb3c13b000 	F:\java\JDK\openjdk-22.0.1\jre\bin\java.dll
0x00007ffb21570000 - 0x00007ffb215a2000 	F:\java\JDK\openjdk-22.0.1\jre\bin\instrument.dll
0x00007ffb5bb80000 - 0x00007ffb5bb98000 	F:\java\JDK\openjdk-22.0.1\jre\bin\zip.dll
0x00007ffb7dd80000 - 0x00007ffb7e5dc000 	C:\WINDOWS\System32\SHELL32.dll
0x00007ffb7a5d0000 - 0x00007ffb7aec9000 	C:\WINDOWS\SYSTEM32\windows.storage.dll
0x00007ffb7eba0000 - 0x00007ffb7ef28000 	C:\WINDOWS\System32\combase.dll
0x00007ffb7a490000 - 0x00007ffb7a5ce000 	C:\WINDOWS\SYSTEM32\wintypes.dll
0x00007ffb7e900000 - 0x00007ffb7e9f3000 	C:\WINDOWS\System32\SHCORE.dll
0x00007ffb7f100000 - 0x00007ffb7f15e000 	C:\WINDOWS\System32\shlwapi.dll
0x00007ffb7c5e0000 - 0x00007ffb7c601000 	C:\WINDOWS\SYSTEM32\profapi.dll
0x00007ffb5bd20000 - 0x00007ffb5bd3a000 	F:\java\IDEA\bin\breakgen64.dll
0x00007ffb5b8c0000 - 0x00007ffb5b8dc000 	F:\java\JDK\openjdk-22.0.1\jre\bin\net.dll
0x00007ffb7bc00000 - 0x00007ffb7bc69000 	C:\WINDOWS\system32\mswsock.dll
0x00007ffb5fa80000 - 0x00007ffb5fa93000 	F:\java\JDK\openjdk-22.0.1\jre\bin\nio.dll
0x00007ffb5bd10000 - 0x00007ffb5bd1d000 	F:\java\JDK\openjdk-22.0.1\jre\bin\management.dll
0x00007ffb616d0000 - 0x00007ffb6171b000 	C:\Program Files (x86)\Sangfor\SSL\ClientComponent\2_SangforNspX64.dll
0x00007ffb7daf0000 - 0x00007ffb7dc95000 	C:\WINDOWS\System32\ole32.dll
0x00007ffb7eac0000 - 0x00007ffb7eb97000 	C:\WINDOWS\System32\OLEAUT32.dll
0x00007ffb47950000 - 0x00007ffb47967000 	C:\WINDOWS\system32\napinsp.dll
0x00007ffb47930000 - 0x00007ffb4794b000 	C:\WINDOWS\system32\pnrpnsp.dll
0x00007ffb7b210000 - 0x00007ffb7b309000 	C:\WINDOWS\SYSTEM32\DNSAPI.dll
0x00007ffb7b1e0000 - 0x00007ffb7b20d000 	C:\WINDOWS\SYSTEM32\IPHLPAPI.DLL
0x00007ffb7d1c0000 - 0x00007ffb7d1c9000 	C:\WINDOWS\System32\NSI.dll
0x00007ffb47910000 - 0x00007ffb47921000 	C:\WINDOWS\System32\winrnr.dll
0x00007ffb77360000 - 0x00007ffb77375000 	C:\WINDOWS\system32\wshbth.dll
0x00007ffb478e0000 - 0x00007ffb47901000 	C:\WINDOWS\system32\nlansp_c.dll
0x00007ffb730b0000 - 0x00007ffb730ba000 	C:\Windows\System32\rasadhlp.dll
0x00007ffb76d30000 - 0x00007ffb76db3000 	C:\WINDOWS\System32\fwpuclnt.dll
0x00007ffb775c0000 - 0x00007ffb775d9000 	C:\WINDOWS\SYSTEM32\dhcpcsvc6.DLL
0x00007ffb778a0000 - 0x00007ffb778bf000 	C:\WINDOWS\SYSTEM32\dhcpcsvc.DLL
0x00007ffb7bea0000 - 0x00007ffb7bebb000 	C:\WINDOWS\SYSTEM32\CRYPTSP.dll
0x00007ffb7b700000 - 0x00007ffb7b735000 	C:\WINDOWS\system32\rsaenh.dll
0x00007ffb7bca0000 - 0x00007ffb7bcc8000 	C:\WINDOWS\SYSTEM32\USERENV.dll
0x00007ffb7d040000 - 0x00007ffb7d0b9000 	C:\WINDOWS\System32\bcryptprimitives.dll
0x00007ffb7be00000 - 0x00007ffb7be0c000 	C:\WINDOWS\SYSTEM32\CRYPTBASE.dll

VM Arguments:
jvm_args: -ea -Didea.test.cyclic.buffer.size=1048576 -javaagent:F:\java\IDEA\lib\idea_rt.jar=64150:F:\java\IDEA\bin -Dfile.encoding=UTF-8 
java_command: com.intellij.rt.junit.JUnitStarter -ideVersion5 -junit5 com.kob.backend.BackendApplicationTests,contextLoads
java_class_path (initial): C:\Users\hblovo\.m2\repository\org\junit\platform\junit-platform-launcher\1.6.3\junit-platform-launcher-1.6.3.jar;F:\java\IDEA\lib\idea_rt.jar;F:\java\IDEA\plugins\junit\lib\junit5-rt.jar;F:\java\IDEA\plugins\junit\lib\junit-rt.jar;F:\java\JDK\openjdk-22.0.1\jre\lib\charsets.jar;F:\java\JDK\openjdk-22.0.1\jre\lib\ext\access-bridge-64.jar;F:\java\JDK\openjdk-22.0.1\jre\lib\ext\cldrdata.jar;F:\java\JDK\openjdk-22.0.1\jre\lib\ext\dnsns.jar;F:\java\JDK\openjdk-22.0.1\jre\lib\ext\jaccess.jar;F:\java\JDK\openjdk-22.0.1\jre\lib\ext\jfxrt.jar;F:\java\JDK\openjdk-22.0.1\jre\lib\ext\localedata.jar;F:\java\JDK\openjdk-22.0.1\jre\lib\ext\nashorn.jar;F:\java\JDK\openjdk-22.0.1\jre\lib\ext\sunec.jar;F:\java\JDK\openjdk-22.0.1\jre\lib\ext\sunjce_provider.jar;F:\java\JDK\openjdk-22.0.1\jre\lib\ext\sunmscapi.jar;F:\java\JDK\openjdk-22.0.1\jre\lib\ext\sunpkcs11.jar;F:\java\JDK\openjdk-22.0.1\jre\lib\ext\zipfs.jar;F:\java\JDK\openjdk-22.0.1\jre\lib\jce.jar;F:\java\JDK\openjdk-22.0.1\jre\lib\jfr.jar;F:\java\JDK\openjdk-22.0.1\jre\lib\jfxswt.jar;F:\java\JDK\openjdk-22.0.1\jre\lib\jsse.jar;F:\java\JDK\openjdk-22.0.1\jre\lib\management-agent.jar;F:\java\JDK\openjdk-22.0.1\jre\lib\resources.jar;F:\java\JDK\openjdk-22.0.1\jre\lib\rt.jar;F:\java\project\helloworld\backend\target\test-classes;F:\java\project\helloworld\backend\target\classes;C:\Users\hblovo\.m2\repository\org\springframework\boot\spring-boot-starter-jdbc\2.7.1\spring-boot-starter-jdbc-2.7.1.jar;C:\Users\hblovo\.m2\repository\org\springframework\boot\spring-boot-starter\2.3.7.RELEASE\spring-boot-starter-2.3.7.RELEASE.jar;C:\Users\hblovo\.m2\repository\org\springframework\boot\spring-boot\2.3.7.RELEASE\spring-boot-2.3.7.RELEASE.jar;C:\Users\hblovo\.m2\repository\org\springframework\boot\spring-boot-starter-logging\2.3.7.RELEASE\spring-boot-starter-logging-2.3.7.RELEASE.jar;C:\Users\hblovo\.m2\repository\ch\qos\logback\logback-classic\1.2.3\logback-classic-1.2.3.jar;C:\Users\hblovo\.m2\repository\ch\
Launcher Type: SUN_STANDARD

Environment Variables:
JAVA_HOME=F:\java
PATH=C:\Python312\Scripts\;C:\Python312\;C:\Program Files\Common Files\Oracle\Java\javapath;F:\VM xuniji\bin\;C:\Program Files (x86)\Common Files\Oracle\Java\javapath;C:\Program Files\NVIDIA GPU Computing Toolkit\CUDA\v11.7\bin;C:\Program Files\NVIDIA GPU Computing Toolkit\CUDA\v11.7\libnvvp;C:\Windows\system32;C:\Windows;C:\Windows\System32\Wbem;C:\Windows\System32\WindowsPowerShell\v1.0\;C:\Windows\System32\OpenSSH\;C:\Program Files (x86)\NVIDIA Corporation\PhysX\Common;C:\Program Files\NVIDIA Corporation\NVIDIA NvDLISR;C:\WINDOWS\system32;C:\WINDOWS;C:\WINDOWS\System32\Wbem;C:\WINDOWS\System32\WindowsPowerShell\v1.0\;C:\WINDOWS\System32\OpenSSH\;C:\Program Files\Microsoft SQL Server\110\Tools\Binn\\Python;C:\Program Files\dotnet\;C:\WINDOWS\system32;C:\WINDOWS;C:\WINDOWS\System32\Wbem;C:\WINDOWS\System32\WindowsPowerShell\v1.0\;F:\Git\cmd;F:\Go\bin;F:\GoLand 2023.1.4\bin;G:\网安实践3\010 Editor;C:\WINDOWS\System32\OpenSSH\;C:\Program Files\Docker\Docker\resources\bin;F:\java\nodejs\;C:\ProgramData\chocolatey\bin;C:\Windows\System;F:\java\project\helloworld;F:\DMdb\MySQL\bin;D:\mingw-w64\mingw64\bin;C:\Program Files (x86)\Tencent\QQGameTempest\Hall.57808\;C:\Users\hblovo\.dotnet\tools\All Users\Microsoft VS Code\bin\360Downloads\Microsoft VS Code\bin;E:\anaconda;E:\anaconda\Scripts;E:\anaconda\Library\bin;E:\anaconda\Library\mingw-w64\bin;F:\PyCharm Community Edition 2022.3.1\bin;;C:\Users\hblovo\AppData\Local\Microsoft\WindowsApps;F:\PyCharm 2023.1.3\bin;;F:\GoLand 2023.1.4\GoLand 2023.2\bin;;C:\Users\hblovo\go\bin;F:\360Downloads\Microsoft VS Code\bin;F:\java\bin;C:\Users\hblovo\.dotnet\tools;F:\QT\5.12.12\mingw73_64\bin;C:\Users\hblovo\Desktop\软件安全信安2001-U202010697-胡明昊-\test1\debug;F:\java\IDEA\bin;;C:\Users\hblovo\AppData\Roaming\npm;C:\Windows\System;F:\java\project\helloworld;
USERNAME=hblovo
OS=Windows_NT
PROCESSOR_IDENTIFIER=AMD64 Family 25 Model 80 Stepping 0, AuthenticAMD



---------------  S Y S T E M  ---------------

OS: Windows 11 , 64 bit Build 22621 (10.0.22621.3374)

CPU:total 16 (initial active 16) (16 cores per cpu, 1 threads per core) family 25 model 80 stepping 0, cmov, cx8, fxsr, mmx, sse, sse2, sse3, ssse3, sse4.1, sse4.2, popcnt, avx, avx2, aes, clmul, erms, mmxext, 3dnowpref, lzcnt, sse4a, tsc, tscinvbit, tscinv, bmi1

Memory: 4k page, physical 16642364k(1956208k free), swap 42430820k(5144k free)

vm_info: OpenJDK 64-Bit Server VM (25.412-b08) for windows-amd64 JRE (1.8.0_412-b08), built on Apr 10 2024 19:24:07 by "Administrator" with MS VC++ 15.9 (VS2017)

time: Tue May 21 18:20:15 2024
timezone: AMD64 Family 25 Model 80 Stepping 0, AuthenticAMD
elapsed time: 11.358190 seconds (0d 0h 0m 11s)

